<?xml version="1.0" encoding="UTF-8"?>
<!-- Generated by org.testng.reporters.JUnitReportReporter -->
<testsuite hostname="kayan" failures="0" tests="1" name="ninzaCRMProject.CreateCampaignAndContactUsingUtilityFile" time="26.064" errors="0" timestamp="2025-03-27T16:21:49 IST" skipped="0">
  <testcase classname="ninzaCRMProject.CreateCampaignAndContactUsingUtilityFile" name="createCamapaignUtilityFile" time="26.064">
    <system-out>
      <![CDATA[campaignBanner_1400added successfullytrue
Contact added Successfullytrue]]>
    </system-out>
  </testcase> <!-- createCamapaignUtilityFile -->
  <system-out>
    <![CDATA[campaignBanner_1400added successfullytrue
Contact added Successfullytrue]]>
  </system-out>
</testsuite> <!-- ninzaCRMProject.CreateCampaignAndContactUsingUtilityFile -->
