<?xml version="1.0" encoding="UTF-8"?>
<!-- Generated by org.testng.reporters.JUnitReportReporter -->
<testsuite hostname="kayan" failures="0" tests="3" name="DDTPractice.DataProviderUsage" time="0.012" errors="0" timestamp="2025-03-25T20:53:17 IST" skipped="0">
  <testcase classname="DDTPractice.DataProviderUsage" name="testCase" time="0.010"/>
  <testcase classname="DDTPractice.DataProviderUsage" name="testCase" time="0.001"/>
  <testcase classname="DDTPractice.DataProviderUsage" name="testCase" time="0.001"/>
</testsuite> <!-- DDTPractice.DataProviderUsage -->
