<?xml version="1.0" encoding="UTF-8"?>
<!-- Generated by org.testng.reporters.JUnitReportReporter -->
<testsuite hostname="kayan" failures="0" tests="2" name="createCampaign.CreateCampaingfilledWithMandatoryFieldTest" time="145.208" errors="0" timestamp="2025-03-19T20:50:08 IST" skipped="0">
  <testcase classname="createCampaign.CreateCampaingfilledWithMandatoryFieldTest" name="createCampaignTest" time="28.575"/>
  <testcase classname="createCampaign.CreateCampaingfilledWithMandatoryFieldTest" name="createCampaignWithDateTest" time="116.633"/>
</testsuite> <!-- createCampaign.CreateCampaingfilledWithMandatoryFieldTest -->
